# JRE version: OpenJDK Runtime Environment (8.0_242-b01) (build 1.8.0_242-release-1644-b01)
# Java VM: OpenJDK 64-Bit Server VM (25.242-b01 mixed mode windows-amd64 compressed oops)
Heap:
 PSYoungGen      total 510976K, used 181039K [0x00000000d5580000, 0x00000000fe900000, 0x0000000100000000)
  eden space 430592K, 25% used [0x00000000d5580000,0x00000000dbefe7c0,0x00000000efa00000)
  from space 80384K, 90% used [0x00000000f6300000,0x00000000faa4d5b8,0x00000000fb180000)
  to   space 107520K, 0% used [0x00000000efa00000,0x00000000efa00000,0x00000000f6300000)
 ParOldGen       total 160256K, used 160196K [0x0000000080000000, 0x0000000089c80000, 0x00000000d5580000)
  object space 160256K, 99% used [0x0000000080000000,0x0000000089c71340,0x0000000089c80000)
 Metaspace       used 6756K, capacity 7320K, committed 7680K, reserved 1056768K
  class space    used 610K, capacity 656K, committed 768K, reserved 1048576K
GC Heap History (10 events):
Event: 7.911 GC heap before
{Heap before GC invocations=10 (full 0):
 PSYoungGen      total 285184K, used 285161K [0x00000000d5580000, 0x00000000f4280000, 0x0000000100000000)
  eden space 244224K, 100% used [0x00000000d5580000,0x00000000e4400000,0x00000000e4400000)
  from space 40960K, 99% used [0x00000000e4400000,0x00000000e6bfa6c8,0x00000000e6c00000)
  to   space 56832K, 0% used [0x00000000f0b00000,0x00000000f0b00000,0x00000000f4280000)
 ParOldGen       total 86016K, used 54985K [0x0000000080000000, 0x0000000085400000, 0x00000000d5580000)
  object space 86016K, 63% used [0x0000000080000000,0x00000000835b24b0,0x0000000085400000)
 Metaspace       used 6721K, capacity 7320K, committed 7680K, reserved 1056768K
  class space    used 610K, capacity 656K, committed 768K, reserved 1048576K
Event: 8.076 GC heap after
Heap after GC invocations=10 (full 0):
 PSYoungGen      total 431104K, used 56818K [0x00000000d5580000, 0x00000000f6380000, 0x0000000100000000)
  eden space 374272K, 0% used [0x00000000d5580000,0x00000000d5580000,0x00000000ec300000)
  from space 56832K, 99% used [0x00000000f0b00000,0x00000000f427cb40,0x00000000f4280000)
  to   space 73728K, 0% used [0x00000000ec300000,0x00000000ec300000,0x00000000f0b00000)
 ParOldGen       total 86016K, used 74087K [0x0000000080000000, 0x0000000085400000, 0x00000000d5580000)
  object space 86016K, 86% used [0x0000000080000000,0x0000000084859de0,0x0000000085400000)
 Metaspace       used 6721K, capacity 7320K, committed 7680K, reserved 1056768K
  class space    used 610K, capacity 656K, committed 768K, reserved 1048576K
}
Event: 8.076 GC heap before
{Heap before GC invocations=11 (full 1):
 PSYoungGen      total 431104K, used 56818K [0x00000000d5580000, 0x00000000f6380000, 0x0000000100000000)
  eden space 374272K, 0% used [0x00000000d5580000,0x00000000d5580000,0x00000000ec300000)
  from space 56832K, 99% used [0x00000000f0b00000,0x00000000f427cb40,0x00000000f4280000)
  to   space 73728K, 0% used [0x00000000ec300000,0x00000000ec300000,0x00000000f0b00000)
 ParOldGen       total 86016K, used 74087K [0x0000000080000000, 0x0000000085400000, 0x00000000d5580000)
  object space 86016K, 86% used [0x0000000080000000,0x0000000084859de0,0x0000000085400000)
 Metaspace       used 6721K, capacity 7320K, committed 7680K, reserved 1056768K
  class space    used 610K, capacity 656K, committed 768K, reserved 1048576K
Event: 9.293 GC heap after
Heap after GC invocations=11 (full 1):
 PSYoungGen      total 431104K, used 34187K [0x00000000d5580000, 0x00000000f6380000, 0x0000000100000000)
  eden space 374272K, 0% used [0x00000000d5580000,0x00000000d5580000,0x00000000ec300000)
  from space 56832K, 60% used [0x00000000f0b00000,0x00000000f2c62e30,0x00000000f4280000)
  to   space 73728K, 0% used [0x00000000ec300000,0x00000000ec300000,0x00000000f0b00000)
 ParOldGen       total 160256K, used 85792K [0x0000000080000000, 0x0000000089c80000, 0x00000000d5580000)
  object space 160256K, 53% used [0x0000000080000000,0x00000000853c8150,0x0000000089c80000)
 Metaspace       used 6721K, capacity 7320K, committed 7680K, reserved 1056768K
  class space    used 610K, capacity 656K, committed 768K, reserved 1048576K
}
Event: 11.590 GC heap before
{Heap before GC invocations=12 (full 1):
 PSYoungGen      total 431104K, used 408459K [0x00000000d5580000, 0x00000000f6380000, 0x0000000100000000)
  eden space 374272K, 100% used [0x00000000d5580000,0x00000000ec300000,0x00000000ec300000)
  from space 56832K, 60% used [0x00000000f0b00000,0x00000000f2c62e30,0x00000000f4280000)
  to   space 73728K, 0% used [0x00000000ec300000,0x00000000ec300000,0x00000000f0b00000)
 ParOldGen       total 160256K, used 85792K [0x0000000080000000, 0x0000000089c80000, 0x00000000d5580000)
  object space 160256K, 53% used [0x0000000080000000,0x00000000853c8150,0x0000000089c80000)
 Metaspace       used 6736K, capacity 7320K, committed 7680K, reserved 1056768K
  class space    used 610K, capacity 656K, committed 768K, reserved 1048576K
Event: 11.779 GC heap after
Heap after GC invocations=12 (full 1):
 PSYoungGen      total 448000K, used 56418K [0x00000000d5580000, 0x00000000fb180000, 0x0000000100000000)
  eden space 374272K, 0% used [0x00000000d5580000,0x00000000d5580000,0x00000000ec300000)
  from space 73728K, 76% used [0x00000000ec300000,0x00000000efa188a8,0x00000000f0b00000)
  to   space 80384K, 0% used [0x00000000f6300000,0x00000000f6300000,0x00000000fb180000)
 ParOldGen       total 160256K, used 120263K [0x0000000080000000, 0x0000000089c80000, 0x00000000d5580000)
  object space 160256K, 75% used [0x0000000080000000,0x0000000087571c78,0x0000000089c80000)
 Metaspace       used 6736K, capacity 7320K, committed 7680K, reserved 1056768K
  class space    used 610K, capacity 656K, committed 768K, reserved 1048576K
}
Event: 14.000 GC heap before
{Heap before GC invocations=13 (full 1):
 PSYoungGen      total 448000K, used 430690K [0x00000000d5580000, 0x00000000fb180000, 0x0000000100000000)
  eden space 374272K, 100% used [0x00000000d5580000,0x00000000ec300000,0x00000000ec300000)
  from space 73728K, 76% used [0x00000000ec300000,0x00000000efa188a8,0x00000000f0b00000)
  to   space 80384K, 0% used [0x00000000f6300000,0x00000000f6300000,0x00000000fb180000)
 ParOldGen       total 160256K, used 120263K [0x0000000080000000, 0x0000000089c80000, 0x00000000d5580000)
  object space 160256K, 75% used [0x0000000080000000,0x0000000087571c78,0x0000000089c80000)
 Metaspace       used 6751K, capacity 7320K, committed 7680K, reserved 1056768K
  class space    used 610K, capacity 656K, committed 768K, reserved 1048576K
Event: 14.225 GC heap after
Heap after GC invocations=13 (full 1):
 PSYoungGen      total 510976K, used 80356K [0x00000000d5580000, 0x00000000fe900000, 0x0000000100000000)
  eden space 430592K, 0% used [0x00000000d5580000,0x00000000d5580000,0x00000000efa00000)
  from space 80384K, 99% used [0x00000000f6300000,0x00000000fb1792a0,0x00000000fb180000)
  to   space 107520K, 0% used [0x00000000efa00000,0x00000000efa00000,0x00000000f6300000)
 ParOldGen       total 160256K, used 156619K [0x0000000080000000, 0x0000000089c80000, 0x00000000d5580000)
  object space 160256K, 97% used [0x0000000080000000,0x00000000898f2da0,0x0000000089c80000)
 Metaspace       used 6751K, capacity 7320K, committed 7680K, reserved 1056768K
  class space    used 610K, capacity 656K, committed 768K, reserved 1048576K
}
Event: 14.225 GC heap before
{Heap before GC invocations=14 (full 2):
 PSYoungGen      total 510976K, used 80356K [0x00000000d5580000, 0x00000000fe900000, 0x0000000100000000)
  eden space 430592K, 0% used [0x00000000d5580000,0x00000000d5580000,0x00000000efa00000)
  from space 80384K, 99% used [0x00000000f6300000,0x00000000fb1792a0,0x00000000fb180000)
  to   space 107520K, 0% used [0x00000000efa00000,0x00000000efa00000,0x00000000f6300000)
 ParOldGen       total 160256K, used 156619K [0x0000000080000000, 0x0000000089c80000, 0x00000000d5580000)
  object space 160256K, 97% used [0x0000000080000000,0x00000000898f2da0,0x0000000089c80000)
 Metaspace       used 6751K, capacity 7320K, committed 7680K, reserved 1056768K
  class space    used 610K, capacity 656K, committed 768K, reserved 1048576K
Event: 17.189 GC heap after
Heap after GC invocations=14 (full 2):
 PSYoungGen      total 510976K, used 73013K [0x00000000d5580000, 0x00000000fe900000, 0x0000000100000000)
  eden space 430592K, 0% used [0x00000000d5580000,0x00000000d5580000,0x00000000efa00000)
  from space 80384K, 90% used [0x00000000f6300000,0x00000000faa4d5b8,0x00000000fb180000)
  to   space 107520K, 0% used [0x00000000efa00000,0x00000000efa00000,0x00000000f6300000)
 ParOldGen       total 160256K, used 160196K [0x0000000080000000, 0x0000000089c80000, 0x00000000d5580000)
  object space 160256K, 99% used [0x0000000080000000,0x0000000089c71340,0x0000000089c80000)
 Metaspace       used 6751K, capacity 7320K, committed 7680K, reserved 1056768K
  class space    used 610K, capacity 656K, committed 768K, reserved 1048576K
}

