# JRE version: OpenJDK Runtime Environment (8.0_242-b01) (build 1.8.0_242-release-1644-b01)
# Java VM: OpenJDK 64-Bit Server VM (25.242-b01 mixed mode windows-amd64 compressed oops)
Heap:
 PSYoungGen      total 453120K, used 190956K [0x00000000d5580000, 0x00000000faf00000, 0x0000000100000000)
  eden space 374272K, 33% used [0x00000000d5580000,0x00000000dced1100,0x00000000ec300000)
  from space 78848K, 84% used [0x00000000f6200000,0x00000000fa32a118,0x00000000faf00000)
  to   space 72704K, 0% used [0x00000000ec300000,0x00000000ec300000,0x00000000f0a00000)
 ParOldGen       total 160768K, used 160389K [0x0000000080000000, 0x0000000089d00000, 0x00000000d5580000)
  object space 160768K, 99% used [0x0000000080000000,0x0000000089ca17d8,0x0000000089d00000)
 Metaspace       used 6760K, capacity 7320K, committed 7680K, reserved 1056768K
  class space    used 609K, capacity 656K, committed 768K, reserved 1048576K
GC Heap History (10 events):
Event: 4.229 GC heap before
{Heap before GC invocations=10 (full 0):
 PSYoungGen      total 284672K, used 284670K [0x00000000d5580000, 0x00000000f4080000, 0x0000000100000000)
  eden space 244224K, 100% used [0x00000000d5580000,0x00000000e4400000,0x00000000e4400000)
  from space 40448K, 99% used [0x00000000e4400000,0x00000000e6b7f850,0x00000000e6b80000)
  to   space 55808K, 0% used [0x00000000f0a00000,0x00000000f0a00000,0x00000000f4080000)
 ParOldGen       total 86016K, used 54391K [0x0000000080000000, 0x0000000085400000, 0x00000000d5580000)
  object space 86016K, 63% used [0x0000000080000000,0x000000008351df00,0x0000000085400000)
 Metaspace       used 6733K, capacity 7320K, committed 7680K, reserved 1056768K
  class space    used 609K, capacity 656K, committed 768K, reserved 1048576K
Event: 4.348 GC heap after
Heap after GC invocations=10 (full 0):
 PSYoungGen      total 430080K, used 55794K [0x00000000d5580000, 0x00000000f6180000, 0x0000000100000000)
  eden space 374272K, 0% used [0x00000000d5580000,0x00000000d5580000,0x00000000ec300000)
  from space 55808K, 99% used [0x00000000f0a00000,0x00000000f407cb40,0x00000000f4080000)
  to   space 72704K, 0% used [0x00000000ec300000,0x00000000ec300000,0x00000000f0a00000)
 ParOldGen       total 86016K, used 73752K [0x0000000080000000, 0x0000000085400000, 0x00000000d5580000)
  object space 86016K, 85% used [0x0000000080000000,0x0000000084806280,0x0000000085400000)
 Metaspace       used 6733K, capacity 7320K, committed 7680K, reserved 1056768K
  class space    used 609K, capacity 656K, committed 768K, reserved 1048576K
}
Event: 4.348 GC heap before
{Heap before GC invocations=11 (full 1):
 PSYoungGen      total 430080K, used 55794K [0x00000000d5580000, 0x00000000f6180000, 0x0000000100000000)
  eden space 374272K, 0% used [0x00000000d5580000,0x00000000d5580000,0x00000000ec300000)
  from space 55808K, 99% used [0x00000000f0a00000,0x00000000f407cb40,0x00000000f4080000)
  to   space 72704K, 0% used [0x00000000ec300000,0x00000000ec300000,0x00000000f0a00000)
 ParOldGen       total 86016K, used 73752K [0x0000000080000000, 0x0000000085400000, 0x00000000d5580000)
  object space 86016K, 85% used [0x0000000080000000,0x0000000084806280,0x0000000085400000)
 Metaspace       used 6733K, capacity 7320K, committed 7680K, reserved 1056768K
  class space    used 609K, capacity 656K, committed 768K, reserved 1048576K
Event: 5.298 GC heap after
Heap after GC invocations=11 (full 1):
 PSYoungGen      total 430080K, used 32619K [0x00000000d5580000, 0x00000000f6180000, 0x0000000100000000)
  eden space 374272K, 0% used [0x00000000d5580000,0x00000000d5580000,0x00000000ec300000)
  from space 55808K, 58% used [0x00000000f0a00000,0x00000000f29dada8,0x00000000f4080000)
  to   space 72704K, 0% used [0x00000000ec300000,0x00000000ec300000,0x00000000f0a00000)
 ParOldGen       total 160768K, used 85924K [0x0000000080000000, 0x0000000089d00000, 0x00000000d5580000)
  object space 160768K, 53% used [0x0000000080000000,0x00000000853e9208,0x0000000089d00000)
 Metaspace       used 6733K, capacity 7320K, committed 7680K, reserved 1056768K
  class space    used 609K, capacity 656K, committed 768K, reserved 1048576K
}
Event: 6.334 GC heap before
{Heap before GC invocations=12 (full 1):
 PSYoungGen      total 430080K, used 406891K [0x00000000d5580000, 0x00000000f6180000, 0x0000000100000000)
  eden space 374272K, 100% used [0x00000000d5580000,0x00000000ec300000,0x00000000ec300000)
  from space 55808K, 58% used [0x00000000f0a00000,0x00000000f29dada8,0x00000000f4080000)
  to   space 72704K, 0% used [0x00000000ec300000,0x00000000ec300000,0x00000000f0a00000)
 ParOldGen       total 160768K, used 85924K [0x0000000080000000, 0x0000000089d00000, 0x00000000d5580000)
  object space 160768K, 53% used [0x0000000080000000,0x00000000853e9208,0x0000000089d00000)
 Metaspace       used 6745K, capacity 7320K, committed 7680K, reserved 1056768K
  class space    used 609K, capacity 656K, committed 768K, reserved 1048576K
Event: 6.512 GC heap after
Heap after GC invocations=12 (full 1):
 PSYoungGen      total 446976K, used 54493K [0x00000000d5580000, 0x00000000faf00000, 0x0000000100000000)
  eden space 374272K, 0% used [0x00000000d5580000,0x00000000d5580000,0x00000000ec300000)
  from space 72704K, 74% used [0x00000000ec300000,0x00000000ef837750,0x00000000f0a00000)
  to   space 78848K, 0% used [0x00000000f6200000,0x00000000f6200000,0x00000000faf00000)
 ParOldGen       total 160768K, used 118810K [0x0000000080000000, 0x0000000089d00000, 0x00000000d5580000)
  object space 160768K, 73% used [0x0000000080000000,0x0000000087406b80,0x0000000089d00000)
 Metaspace       used 6745K, capacity 7320K, committed 7680K, reserved 1056768K
  class space    used 609K, capacity 656K, committed 768K, reserved 1048576K
}
Event: 7.614 GC heap before
{Heap before GC invocations=13 (full 1):
 PSYoungGen      total 446976K, used 428765K [0x00000000d5580000, 0x00000000faf00000, 0x0000000100000000)
  eden space 374272K, 100% used [0x00000000d5580000,0x00000000ec300000,0x00000000ec300000)
  from space 72704K, 74% used [0x00000000ec300000,0x00000000ef837750,0x00000000f0a00000)
  to   space 78848K, 0% used [0x00000000f6200000,0x00000000f6200000,0x00000000faf00000)
 ParOldGen       total 160768K, used 118810K [0x0000000080000000, 0x0000000089d00000, 0x00000000d5580000)
  object space 160768K, 73% used [0x0000000080000000,0x0000000087406b80,0x0000000089d00000)
 Metaspace       used 6759K, capacity 7320K, committed 7680K, reserved 1056768K
  class space    used 609K, capacity 656K, committed 768K, reserved 1048576K
Event: 7.783 GC heap after
Heap after GC invocations=13 (full 1):
 PSYoungGen      total 453120K, used 78840K [0x00000000d5580000, 0x00000000faf00000, 0x0000000100000000)
  eden space 374272K, 0% used [0x00000000d5580000,0x00000000d5580000,0x00000000ec300000)
  from space 78848K, 99% used [0x00000000f6200000,0x00000000faefe248,0x00000000faf00000)
  to   space 72704K, 0% used [0x00000000ec300000,0x00000000ec300000,0x00000000f0a00000)
 ParOldGen       total 160768K, used 151390K [0x0000000080000000, 0x0000000089d00000, 0x00000000d5580000)
  object space 160768K, 94% used [0x0000000080000000,0x00000000893d7880,0x0000000089d00000)
 Metaspace       used 6759K, capacity 7320K, committed 7680K, reserved 1056768K
  class space    used 609K, capacity 656K, committed 768K, reserved 1048576K
}
Event: 7.783 GC heap before
{Heap before GC invocations=14 (full 2):
 PSYoungGen      total 453120K, used 78840K [0x00000000d5580000, 0x00000000faf00000, 0x0000000100000000)
  eden space 374272K, 0% used [0x00000000d5580000,0x00000000d5580000,0x00000000ec300000)
  from space 78848K, 99% used [0x00000000f6200000,0x00000000faefe248,0x00000000faf00000)
  to   space 72704K, 0% used [0x00000000ec300000,0x00000000ec300000,0x00000000f0a00000)
 ParOldGen       total 160768K, used 151390K [0x0000000080000000, 0x0000000089d00000, 0x00000000d5580000)
  object space 160768K, 94% used [0x0000000080000000,0x00000000893d7880,0x0000000089d00000)
 Metaspace       used 6759K, capacity 7320K, committed 7680K, reserved 1056768K
  class space    used 609K, capacity 656K, committed 768K, reserved 1048576K
Event: 8.900 GC heap after
Heap after GC invocations=14 (full 2):
 PSYoungGen      total 453120K, used 66728K [0x00000000d5580000, 0x00000000faf00000, 0x0000000100000000)
  eden space 374272K, 0% used [0x00000000d5580000,0x00000000d5580000,0x00000000ec300000)
  from space 78848K, 84% used [0x00000000f6200000,0x00000000fa32a118,0x00000000faf00000)
  to   space 72704K, 0% used [0x00000000ec300000,0x00000000ec300000,0x00000000f0a00000)
 ParOldGen       total 160768K, used 160389K [0x0000000080000000, 0x0000000089d00000, 0x00000000d5580000)
  object space 160768K, 99% used [0x0000000080000000,0x0000000089ca17d8,0x0000000089d00000)
 Metaspace       used 6759K, capacity 7320K, committed 7680K, reserved 1056768K
  class space    used 609K, capacity 656K, committed 768K, reserved 1048576K
}

