# JRE version: OpenJDK Runtime Environment (8.0_242-b01) (build 1.8.0_242-release-1644-b01)
# Java VM: OpenJDK 64-Bit Server VM (25.242-b01 mixed mode windows-amd64 compressed oops)
Heap:
 PSYoungGen      total 436736K, used 128963K [0x00000000d5580000, 0x00000000f9900000, 0x0000000100000000)
  eden space 329728K, 15% used [0x00000000d5580000,0x00000000d860a9c8,0x00000000e9780000)
  from space 107008K, 74% used [0x00000000f0a80000,0x00000000f57e6348,0x00000000f7300000)
  to   space 117760K, 0% used [0x00000000e9780000,0x00000000e9780000,0x00000000f0a80000)
 ParOldGen       total 198144K, used 198042K [0x0000000080000000, 0x000000008c180000, 0x00000000d5580000)
  object space 198144K, 99% used [0x0000000080000000,0x000000008c166870,0x000000008c180000)
 Metaspace       used 6740K, capacity 7320K, committed 7680K, reserved 1056768K
  class space    used 609K, capacity 656K, committed 768K, reserved 1048576K
GC Heap History (10 events):
Event: 8.871 GC heap before
{Heap before GC invocations=10 (full 1):
 PSYoungGen      total 288256K, used 273364K [0x00000000d5580000, 0x00000000e9880000, 0x0000000100000000)
  eden space 258048K, 100% used [0x00000000d5580000,0x00000000e5180000,0x00000000e5180000)
  from space 30208K, 50% used [0x00000000e7300000,0x00000000e81f5190,0x00000000e9080000)
  to   space 34304K, 0% used [0x00000000e5180000,0x00000000e5180000,0x00000000e7300000)
 ParOldGen       total 193536K, used 99063K [0x0000000080000000, 0x000000008bd00000, 0x00000000d5580000)
  object space 193536K, 51% used [0x0000000080000000,0x00000000860bdd40,0x000000008bd00000)
 Metaspace       used 6715K, capacity 7320K, committed 7680K, reserved 1056768K
  class space    used 609K, capacity 656K, committed 768K, reserved 1048576K
Event: 9.107 GC heap after
Heap after GC invocations=10 (full 1):
 PSYoungGen      total 292352K, used 34277K [0x00000000d5580000, 0x00000000f1100000, 0x0000000100000000)
  eden space 258048K, 0% used [0x00000000d5580000,0x00000000d5580000,0x00000000e5180000)
  from space 34304K, 99% used [0x00000000e5180000,0x00000000e72f9578,0x00000000e7300000)
  to   space 76800K, 0% used [0x00000000ec600000,0x00000000ec600000,0x00000000f1100000)
 ParOldGen       total 193536K, used 118398K [0x0000000080000000, 0x000000008bd00000, 0x00000000d5580000)
  object space 193536K, 61% used [0x0000000080000000,0x000000008739f8d0,0x000000008bd00000)
 Metaspace       used 6715K, capacity 7320K, committed 7680K, reserved 1056768K
  class space    used 609K, capacity 656K, committed 768K, reserved 1048576K
}
Event: 11.060 GC heap before
{Heap before GC invocations=11 (full 1):
 PSYoungGen      total 292352K, used 292325K [0x00000000d5580000, 0x00000000f1100000, 0x0000000100000000)
  eden space 258048K, 100% used [0x00000000d5580000,0x00000000e5180000,0x00000000e5180000)
  from space 34304K, 99% used [0x00000000e5180000,0x00000000e72f9578,0x00000000e7300000)
  to   space 76800K, 0% used [0x00000000ec600000,0x00000000ec600000,0x00000000f1100000)
 ParOldGen       total 193536K, used 118398K [0x0000000080000000, 0x000000008bd00000, 0x00000000d5580000)
  object space 193536K, 61% used [0x0000000080000000,0x000000008739f8d0,0x000000008bd00000)
 Metaspace       used 6723K, capacity 7320K, committed 7680K, reserved 1056768K
  class space    used 609K, capacity 656K, committed 768K, reserved 1048576K
Event: 11.222 GC heap after
Heap after GC invocations=11 (full 1):
 PSYoungGen      total 370176K, used 60524K [0x00000000d5580000, 0x00000000f1e00000, 0x0000000100000000)
  eden space 293376K, 0% used [0x00000000d5580000,0x00000000d5580000,0x00000000e7400000)
  from space 76800K, 78% used [0x00000000ec600000,0x00000000f011b048,0x00000000f1100000)
  to   space 83968K, 0% used [0x00000000e7400000,0x00000000e7400000,0x00000000ec600000)
 ParOldGen       total 193536K, used 131504K [0x0000000080000000, 0x000000008bd00000, 0x00000000d5580000)
  object space 193536K, 67% used [0x0000000080000000,0x000000008806c138,0x000000008bd00000)
 Metaspace       used 6723K, capacity 7320K, committed 7680K, reserved 1056768K
  class space    used 609K, capacity 656K, committed 768K, reserved 1048576K
}
Event: 13.505 GC heap before
{Heap before GC invocations=12 (full 1):
 PSYoungGen      total 370176K, used 353900K [0x00000000d5580000, 0x00000000f1e00000, 0x0000000100000000)
  eden space 293376K, 100% used [0x00000000d5580000,0x00000000e7400000,0x00000000e7400000)
  from space 76800K, 78% used [0x00000000ec600000,0x00000000f011b048,0x00000000f1100000)
  to   space 83968K, 0% used [0x00000000e7400000,0x00000000e7400000,0x00000000ec600000)
 ParOldGen       total 193536K, used 131504K [0x0000000080000000, 0x000000008bd00000, 0x00000000d5580000)
  object space 193536K, 67% used [0x0000000080000000,0x000000008806c138,0x000000008bd00000)
 Metaspace       used 6738K, capacity 7320K, committed 7680K, reserved 1056768K
  class space    used 609K, capacity 656K, committed 768K, reserved 1048576K
Event: 13.709 GC heap after
Heap after GC invocations=12 (full 1):
 PSYoungGen      total 377344K, used 83940K [0x00000000d5580000, 0x00000000f7300000, 0x0000000100000000)
  eden space 293376K, 0% used [0x00000000d5580000,0x00000000d5580000,0x00000000e7400000)
  from space 83968K, 99% used [0x00000000e7400000,0x00000000ec5f93a0,0x00000000ec600000)
  to   space 107008K, 0% used [0x00000000f0a80000,0x00000000f0a80000,0x00000000f7300000)
 ParOldGen       total 193536K, used 155400K [0x0000000080000000, 0x000000008bd00000, 0x00000000d5580000)
  object space 193536K, 80% used [0x0000000080000000,0x00000000897c2248,0x000000008bd00000)
 Metaspace       used 6738K, capacity 7320K, committed 7680K, reserved 1056768K
  class space    used 609K, capacity 656K, committed 768K, reserved 1048576K
}
Event: 14.913 GC heap before
{Heap before GC invocations=13 (full 1):
 PSYoungGen      total 377344K, used 377316K [0x00000000d5580000, 0x00000000f7300000, 0x0000000100000000)
  eden space 293376K, 100% used [0x00000000d5580000,0x00000000e7400000,0x00000000e7400000)
  from space 83968K, 99% used [0x00000000e7400000,0x00000000ec5f93a0,0x00000000ec600000)
  to   space 107008K, 0% used [0x00000000f0a80000,0x00000000f0a80000,0x00000000f7300000)
 ParOldGen       total 193536K, used 155400K [0x0000000080000000, 0x000000008bd00000, 0x00000000d5580000)
  object space 193536K, 80% used [0x0000000080000000,0x00000000897c2248,0x000000008bd00000)
 Metaspace       used 6740K, capacity 7320K, committed 7680K, reserved 1056768K
  class space    used 609K, capacity 656K, committed 768K, reserved 1048576K
Event: 15.396 GC heap after
Heap after GC invocations=13 (full 1):
 PSYoungGen      total 436736K, used 86887K [0x00000000d5580000, 0x00000000f9900000, 0x0000000100000000)
  eden space 329728K, 0% used [0x00000000d5580000,0x00000000d5580000,0x00000000e9780000)
  from space 107008K, 81% used [0x00000000f0a80000,0x00000000f5f59c88,0x00000000f7300000)
  to   space 117760K, 0% used [0x00000000e9780000,0x00000000e9780000,0x00000000f0a80000)
 ParOldGen       total 198144K, used 197772K [0x0000000080000000, 0x000000008c180000, 0x00000000d5580000)
  object space 198144K, 99% used [0x0000000080000000,0x000000008c123208,0x000000008c180000)
 Metaspace       used 6740K, capacity 7320K, committed 7680K, reserved 1056768K
  class space    used 609K, capacity 656K, committed 768K, reserved 1048576K
}
Event: 15.396 GC heap before
{Heap before GC invocations=14 (full 2):
 PSYoungGen      total 436736K, used 86887K [0x00000000d5580000, 0x00000000f9900000, 0x0000000100000000)
  eden space 329728K, 0% used [0x00000000d5580000,0x00000000d5580000,0x00000000e9780000)
  from space 107008K, 81% used [0x00000000f0a80000,0x00000000f5f59c88,0x00000000f7300000)
  to   space 117760K, 0% used [0x00000000e9780000,0x00000000e9780000,0x00000000f0a80000)
 ParOldGen       total 198144K, used 197772K [0x0000000080000000, 0x000000008c180000, 0x00000000d5580000)
  object space 198144K, 99% used [0x0000000080000000,0x000000008c123208,0x000000008c180000)
 Metaspace       used 6740K, capacity 7320K, committed 7680K, reserved 1056768K
  class space    used 609K, capacity 656K, committed 768K, reserved 1048576K
Event: 18.043 GC heap after
Heap after GC invocations=14 (full 2):
 PSYoungGen      total 436736K, used 79256K [0x00000000d5580000, 0x00000000f9900000, 0x0000000100000000)
  eden space 329728K, 0% used [0x00000000d5580000,0x00000000d5580000,0x00000000e9780000)
  from space 107008K, 74% used [0x00000000f0a80000,0x00000000f57e6348,0x00000000f7300000)
  to   space 117760K, 0% used [0x00000000e9780000,0x00000000e9780000,0x00000000f0a80000)
 ParOldGen       total 198144K, used 198042K [0x0000000080000000, 0x000000008c180000, 0x00000000d5580000)
  object space 198144K, 99% used [0x0000000080000000,0x000000008c166870,0x000000008c180000)
 Metaspace       used 6740K, capacity 7320K, committed 7680K, reserved 1056768K
  class space    used 609K, capacity 656K, committed 768K, reserved 1048576K
}

