# JRE version: OpenJDK Runtime Environment (8.0_242-b01) (build 1.8.0_242-release-1644-b01)
# Java VM: OpenJDK 64-Bit Server VM (25.242-b01 mixed mode windows-amd64 compressed oops)
Heap:
 PSYoungGen      total 548352K, used 165269K [0x00000000d5580000, 0x00000000fd880000, 0x0000000100000000)
  eden space 496640K, 33% used [0x00000000d5580000,0x00000000df6e5588,0x00000000f3a80000)
  from space 51712K, 0% used [0x00000000f8000000,0x00000000f8000000,0x00000000fb280000)
  to   space 71168K, 0% used [0x00000000f3a80000,0x00000000f3a80000,0x00000000f8000000)
 ParOldGen       total 86016K, used 86012K [0x0000000080000000, 0x0000000085400000, 0x00000000d5580000)
  object space 86016K, 99% used [0x0000000080000000,0x00000000853ff110,0x0000000085400000)
 Metaspace       used 6752K, capacity 7320K, committed 7680K, reserved 1056768K
  class space    used 609K, capacity 656K, committed 768K, reserved 1048576K
GC Heap History (10 events):
Event: 5.489 GC heap before
{Heap before GC invocations=6 (full 0):
 PSYoungGen      total 136192K, used 136165K [0x00000000d5580000, 0x00000000e9080000, 0x0000000100000000)
  eden space 131072K, 100% used [0x00000000d5580000,0x00000000dd580000,0x00000000dd580000)
  from space 5120K, 99% used [0x00000000dd580000,0x00000000dda794a0,0x00000000dda80000)
  to   space 30208K, 0% used [0x00000000e7300000,0x00000000e7300000,0x00000000e9080000)
 ParOldGen       total 86016K, used 38542K [0x0000000080000000, 0x0000000085400000, 0x00000000d5580000)
  object space 86016K, 44% used [0x0000000080000000,0x00000000825a3b98,0x0000000085400000)
 Metaspace       used 6609K, capacity 7256K, committed 7424K, reserved 1056768K
  class space    used 606K, capacity 656K, committed 768K, reserved 1048576K
Event: 5.573 GC heap after
Heap after GC invocations=6 (full 0):
 PSYoungGen      total 288256K, used 24622K [0x00000000d5580000, 0x00000000e9880000, 0x0000000100000000)
  eden space 258048K, 0% used [0x00000000d5580000,0x00000000d5580000,0x00000000e5180000)
  from space 30208K, 81% used [0x00000000e7300000,0x00000000e8b0ba80,0x00000000e9080000)
  to   space 34304K, 0% used [0x00000000e5180000,0x00000000e5180000,0x00000000e7300000)
 ParOldGen       total 86016K, used 38550K [0x0000000080000000, 0x0000000085400000, 0x00000000d5580000)
  object space 86016K, 44% used [0x0000000080000000,0x00000000825a5b98,0x0000000085400000)
 Metaspace       used 6609K, capacity 7256K, committed 7424K, reserved 1056768K
  class space    used 606K, capacity 656K, committed 768K, reserved 1048576K
}
Event: 6.856 GC heap before
{Heap before GC invocations=7 (full 0):
 PSYoungGen      total 288256K, used 282670K [0x00000000d5580000, 0x00000000e9880000, 0x0000000100000000)
  eden space 258048K, 100% used [0x00000000d5580000,0x00000000e5180000,0x00000000e5180000)
  from space 30208K, 81% used [0x00000000e7300000,0x00000000e8b0ba80,0x00000000e9080000)
  to   space 34304K, 0% used [0x00000000e5180000,0x00000000e5180000,0x00000000e7300000)
 ParOldGen       total 86016K, used 38550K [0x0000000080000000, 0x0000000085400000, 0x00000000d5580000)
  object space 86016K, 44% used [0x0000000080000000,0x00000000825a5b98,0x0000000085400000)
 Metaspace       used 6693K, capacity 7320K, committed 7680K, reserved 1056768K
  class space    used 607K, capacity 656K, committed 768K, reserved 1048576K
Event: 7.011 GC heap after
Heap after GC invocations=7 (full 0):
 PSYoungGen      total 292352K, used 34278K [0x00000000d5580000, 0x00000000fb280000, 0x0000000100000000)
  eden space 258048K, 0% used [0x00000000d5580000,0x00000000d5580000,0x00000000e5180000)
  from space 34304K, 99% used [0x00000000e5180000,0x00000000e72f99d0,0x00000000e7300000)
  to   space 51712K, 0% used [0x00000000f8000000,0x00000000f8000000,0x00000000fb280000)
 ParOldGen       total 86016K, used 58043K [0x0000000080000000, 0x0000000085400000, 0x00000000d5580000)
  object space 86016K, 67% used [0x0000000080000000,0x00000000838aece8,0x0000000085400000)
 Metaspace       used 6693K, capacity 7320K, committed 7680K, reserved 1056768K
  class space    used 607K, capacity 656K, committed 768K, reserved 1048576K
}
Event: 8.171 GC heap before
{Heap before GC invocations=8 (full 0):
 PSYoungGen      total 292352K, used 292326K [0x00000000d5580000, 0x00000000fb280000, 0x0000000100000000)
  eden space 258048K, 100% used [0x00000000d5580000,0x00000000e5180000,0x00000000e5180000)
  from space 34304K, 99% used [0x00000000e5180000,0x00000000e72f99d0,0x00000000e7300000)
  to   space 51712K, 0% used [0x00000000f8000000,0x00000000f8000000,0x00000000fb280000)
 ParOldGen       total 86016K, used 58043K [0x0000000080000000, 0x0000000085400000, 0x00000000d5580000)
  object space 86016K, 67% used [0x0000000080000000,0x00000000838aece8,0x0000000085400000)
 Metaspace       used 6711K, capacity 7320K, committed 7680K, reserved 1056768K
  class space    used 608K, capacity 656K, committed 768K, reserved 1048576K
Event: 8.394 GC heap after
Heap after GC invocations=8 (full 0):
 PSYoungGen      total 548352K, used 51709K [0x00000000d5580000, 0x00000000fd880000, 0x0000000100000000)
  eden space 496640K, 0% used [0x00000000d5580000,0x00000000d5580000,0x00000000f3a80000)
  from space 51712K, 99% used [0x00000000f8000000,0x00000000fb27f4b8,0x00000000fb280000)
  to   space 71168K, 0% used [0x00000000f3a80000,0x00000000f3a80000,0x00000000f8000000)
 ParOldGen       total 86016K, used 79294K [0x0000000080000000, 0x0000000085400000, 0x00000000d5580000)
  object space 86016K, 92% used [0x0000000080000000,0x0000000084d6fbd8,0x0000000085400000)
 Metaspace       used 6711K, capacity 7320K, committed 7680K, reserved 1056768K
  class space    used 608K, capacity 656K, committed 768K, reserved 1048576K
}
Event: 8.394 GC heap before
{Heap before GC invocations=9 (full 1):
 PSYoungGen      total 548352K, used 51709K [0x00000000d5580000, 0x00000000fd880000, 0x0000000100000000)
  eden space 496640K, 0% used [0x00000000d5580000,0x00000000d5580000,0x00000000f3a80000)
  from space 51712K, 99% used [0x00000000f8000000,0x00000000fb27f4b8,0x00000000fb280000)
  to   space 71168K, 0% used [0x00000000f3a80000,0x00000000f3a80000,0x00000000f8000000)
 ParOldGen       total 86016K, used 79294K [0x0000000080000000, 0x0000000085400000, 0x00000000d5580000)
  object space 86016K, 92% used [0x0000000080000000,0x0000000084d6fbd8,0x0000000085400000)
 Metaspace       used 6711K, capacity 7320K, committed 7680K, reserved 1056768K
  class space    used 608K, capacity 656K, committed 768K, reserved 1048576K
Event: 9.745 GC heap after
Heap after GC invocations=9 (full 1):
 PSYoungGen      total 548352K, used 33182K [0x00000000d5580000, 0x00000000fd880000, 0x0000000100000000)
  eden space 496640K, 0% used [0x00000000d5580000,0x00000000d5580000,0x00000000f3a80000)
  from space 51712K, 64% used [0x00000000f8000000,0x00000000fa067a60,0x00000000fb280000)
  to   space 71168K, 0% used [0x00000000f3a80000,0x00000000f3a80000,0x00000000f8000000)
 ParOldGen       total 86016K, used 85903K [0x0000000080000000, 0x0000000085400000, 0x00000000d5580000)
  object space 86016K, 99% used [0x0000000080000000,0x00000000853e3ce0,0x0000000085400000)
 Metaspace       used 6711K, capacity 7320K, committed 7680K, reserved 1056768K
  class space    used 608K, capacity 656K, committed 768K, reserved 1048576K
}
Event: 12.493 GC heap before
{Heap before GC invocations=10 (full 2):
 PSYoungGen      total 548352K, used 529822K [0x00000000d5580000, 0x00000000fd880000, 0x0000000100000000)
  eden space 496640K, 100% used [0x00000000d5580000,0x00000000f3a80000,0x00000000f3a80000)
  from space 51712K, 64% used [0x00000000f8000000,0x00000000fa067a60,0x00000000fb280000)
  to   space 71168K, 0% used [0x00000000f3a80000,0x00000000f3a80000,0x00000000f8000000)
 ParOldGen       total 86016K, used 85903K [0x0000000080000000, 0x0000000085400000, 0x00000000d5580000)
  object space 86016K, 99% used [0x0000000080000000,0x00000000853e3ce0,0x0000000085400000)
 Metaspace       used 6718K, capacity 7320K, committed 7680K, reserved 1056768K
  class space    used 608K, capacity 656K, committed 768K, reserved 1048576K
Event: 14.484 GC heap after
Heap after GC invocations=10 (full 2):
 PSYoungGen      total 548352K, used 105702K [0x00000000d5580000, 0x00000000fd880000, 0x0000000100000000)
  eden space 496640K, 21% used [0x00000000d5580000,0x00000000dbcb9b68,0x00000000f3a80000)
  from space 51712K, 0% used [0x00000000f8000000,0x00000000f8000000,0x00000000fb280000)
  to   space 71168K, 0% used [0x00000000f3a80000,0x00000000f3a80000,0x00000000f8000000)
 ParOldGen       total 86016K, used 86012K [0x0000000080000000, 0x0000000085400000, 0x00000000d5580000)
  object space 86016K, 99% used [0x0000000080000000,0x00000000853ff110,0x0000000085400000)
 Metaspace       used 6718K, capacity 7320K, committed 7680K, reserved 1056768K
  class space    used 608K, capacity 656K, committed 768K, reserved 1048576K
}

